server/storage/storage/production.ts(1,20): error TS2307: Cannot find module '../db' or its corresponding type declarations.
server/storage/storage/production.ts(5,8): error TS2307: Cannot find module '../../shared/schema' or its corresponding type declarations.
server/storage/storage/production.ts(27,38): error TS7006: Parameter 'tx' implicitly has an 'any' type.
server/storage/storage/stock.ts(1,20): error TS2307: Cannot find module '../db' or its corresponding type declarations.
server/storage/storage/stock.ts(2,29): error TS2307: Cannot find module '../../shared/schema' or its corresponding type declarations.
