server/routes.ts(2383,33): error TS2769: No overload matches this call.
  Overload 1 of 3, '(left: MySqlColumn<{ name: "purchase_date"; tableName: "purchases"; dataType: "date"; columnType: "MySqlDate"; data: Date; driverParam: string | number; notNull: true; hasDefault: false; isPrimaryKey: false; ... 5 more ...; generated: undefined; }, {}, {}>, right: Date | SQLWrapper): SQL<...>', gave the following error.
    Argument of type 'string' is not assignable to parameter of type 'Date | SQLWrapper'.
  Overload 2 of 3, '(left: Aliased<string>, right: string | SQLWrapper): SQL<unknown>', gave the following error.
    Argument of type 'MySqlColumn<{ name: "purchase_date"; tableName: "purchases"; dataType: "date"; columnType: "MySqlDate"; data: Date; driverParam: string | number; notNull: true; hasDefault: false; isPrimaryKey: false; ... 5 more ...; generated: undefined; }, {}, {}>' is not assignable to parameter of type 'Aliased<string>'.
      Type 'MySqlColumn<{ name: "purchase_date"; tableName: "purchases"; dataType: "date"; columnType: "MySqlDate"; data: Date; driverParam: string | number; notNull: true; hasDefault: false; isPrimaryKey: false; ... 5 more ...; generated: undefined; }, {}, {}>' is missing the following properties from type 'Aliased<string>': sql, fieldAlias
  Overload 3 of 3, '(left: never, right: unknown): SQL<unknown>', gave the following error.
    Argument of type 'MySqlColumn<{ name: "purchase_date"; tableName: "purchases"; dataType: "date"; columnType: "MySqlDate"; data: Date; driverParam: string | number; notNull: true; hasDefault: false; isPrimaryKey: false; ... 5 more ...; generated: undefined; }, {}, {}>' is not assignable to parameter of type 'never'.
server/routes.ts(2384,33): error TS2769: No overload matches this call.
  Overload 1 of 3, '(left: MySqlColumn<{ name: "purchase_date"; tableName: "purchases"; dataType: "date"; columnType: "MySqlDate"; data: Date; driverParam: string | number; notNull: true; hasDefault: false; isPrimaryKey: false; ... 5 more ...; generated: undefined; }, {}, {}>, right: Date | SQLWrapper): SQL<...>', gave the following error.
    Argument of type 'string' is not assignable to parameter of type 'Date | SQLWrapper'.
  Overload 2 of 3, '(left: Aliased<string>, right: string | SQLWrapper): SQL<unknown>', gave the following error.
    Argument of type 'MySqlColumn<{ name: "purchase_date"; tableName: "purchases"; dataType: "date"; columnType: "MySqlDate"; data: Date; driverParam: string | number; notNull: true; hasDefault: false; isPrimaryKey: false; ... 5 more ...; generated: undefined; }, {}, {}>' is not assignable to parameter of type 'Aliased<string>'.
      Type 'MySqlColumn<{ name: "purchase_date"; tableName: "purchases"; dataType: "date"; columnType: "MySqlDate"; data: Date; driverParam: string | number; notNull: true; hasDefault: false; isPrimaryKey: false; ... 5 more ...; generated: undefined; }, {}, {}>' is missing the following properties from type 'Aliased<string>': sql, fieldAlias
  Overload 3 of 3, '(left: never, right: unknown): SQL<unknown>', gave the following error.
    Argument of type 'MySqlColumn<{ name: "purchase_date"; tableName: "purchases"; dataType: "date"; columnType: "MySqlDate"; data: Date; driverParam: string | number; notNull: true; hasDefault: false; isPrimaryKey: false; ... 5 more ...; generated: undefined; }, {}, {}>' is not assignable to parameter of type 'never'.
server/routes.ts(2405,28): error TS2769: No overload matches this call.
  Overload 1 of 3, '(left: MySqlColumn<{ name: "payment_date"; tableName: "supplier_payments"; dataType: "date"; columnType: "MySqlDate"; data: Date; driverParam: string | number; notNull: true; hasDefault: false; ... 6 more ...; generated: undefined; }, {}, {}>, right: Date | SQLWrapper): SQL<...>', gave the following error.
    Argument of type 'string' is not assignable to parameter of type 'Date | SQLWrapper'.
  Overload 2 of 3, '(left: Aliased<string>, right: string | SQLWrapper): SQL<unknown>', gave the following error.
    Argument of type 'MySqlColumn<{ name: "payment_date"; tableName: "supplier_payments"; dataType: "date"; columnType: "MySqlDate"; data: Date; driverParam: string | number; notNull: true; hasDefault: false; isPrimaryKey: false; ... 5 more ...; generated: undefined; }, {}, {}>' is not assignable to parameter of type 'Aliased<string>'.
      Type 'MySqlColumn<{ name: "payment_date"; tableName: "supplier_payments"; dataType: "date"; columnType: "MySqlDate"; data: Date; driverParam: string | number; notNull: true; hasDefault: false; isPrimaryKey: false; ... 5 more ...; generated: undefined; }, {}, {}>' is missing the following properties from type 'Aliased<string>': sql, fieldAlias
  Overload 3 of 3, '(left: never, right: unknown): SQL<unknown>', gave the following error.
    Argument of type 'MySqlColumn<{ name: "payment_date"; tableName: "supplier_payments"; dataType: "date"; columnType: "MySqlDate"; data: Date; driverParam: string | number; notNull: true; hasDefault: false; isPrimaryKey: false; ... 5 more ...; generated: undefined; }, {}, {}>' is not assignable to parameter of type 'never'.
server/routes.ts(2405,74): error TS2769: No overload matches this call.
  Overload 1 of 3, '(left: MySqlColumn<{ name: "payment_date"; tableName: "supplier_payments"; dataType: "date"; columnType: "MySqlDate"; data: Date; driverParam: string | number; notNull: true; hasDefault: false; ... 6 more ...; generated: undefined; }, {}, {}>, right: Date | SQLWrapper): SQL<...>', gave the following error.
    Argument of type 'string' is not assignable to parameter of type 'Date | SQLWrapper'.
  Overload 2 of 3, '(left: Aliased<string>, right: string | SQLWrapper): SQL<unknown>', gave the following error.
    Argument of type 'MySqlColumn<{ name: "payment_date"; tableName: "supplier_payments"; dataType: "date"; columnType: "MySqlDate"; data: Date; driverParam: string | number; notNull: true; hasDefault: false; isPrimaryKey: false; ... 5 more ...; generated: undefined; }, {}, {}>' is not assignable to parameter of type 'Aliased<string>'.
      Type 'MySqlColumn<{ name: "payment_date"; tableName: "supplier_payments"; dataType: "date"; columnType: "MySqlDate"; data: Date; driverParam: string | number; notNull: true; hasDefault: false; isPrimaryKey: false; ... 5 more ...; generated: undefined; }, {}, {}>' is missing the following properties from type 'Aliased<string>': sql, fieldAlias
  Overload 3 of 3, '(left: never, right: unknown): SQL<unknown>', gave the following error.
    Argument of type 'MySqlColumn<{ name: "payment_date"; tableName: "supplier_payments"; dataType: "date"; columnType: "MySqlDate"; data: Date; driverParam: string | number; notNull: true; hasDefault: false; isPrimaryKey: false; ... 5 more ...; generated: undefined; }, {}, {}>' is not assignable to parameter of type 'never'.
server/routes.ts(2531,35): error TS2365: Operator '>' cannot be applied to types 'Date' and 'string'.
server/routes.ts(2531,59): error TS2365: Operator '<=' cannot be applied to types 'Date' and 'string'.
server/routes.ts(2591,30): error TS2769: No overload matches this call.
  Overload 1 of 3, '(left: MySqlColumn<{ name: "sale_date"; tableName: "sales"; dataType: "date"; columnType: "MySqlDate"; data: Date; driverParam: string | number; notNull: true; hasDefault: false; isPrimaryKey: false; ... 5 more ...; generated: undefined; }, {}, {}>, right: Date | SQLWrapper): SQL<...>', gave the following error.
    Argument of type 'string' is not assignable to parameter of type 'Date | SQLWrapper'.
  Overload 2 of 3, '(left: Aliased<string>, right: string | SQLWrapper): SQL<unknown>', gave the following error.
    Argument of type 'MySqlColumn<{ name: "sale_date"; tableName: "sales"; dataType: "date"; columnType: "MySqlDate"; data: Date; driverParam: string | number; notNull: true; hasDefault: false; isPrimaryKey: false; ... 5 more ...; generated: undefined; }, {}, {}>' is not assignable to parameter of type 'Aliased<string>'.
      Type 'MySqlColumn<{ name: "sale_date"; tableName: "sales"; dataType: "date"; columnType: "MySqlDate"; data: Date; driverParam: string | number; notNull: true; hasDefault: false; isPrimaryKey: false; ... 5 more ...; generated: undefined; }, {}, {}>' is missing the following properties from type 'Aliased<string>': sql, fieldAlias
  Overload 3 of 3, '(left: never, right: unknown): SQL<unknown>', gave the following error.
    Argument of type 'MySqlColumn<{ name: "sale_date"; tableName: "sales"; dataType: "date"; columnType: "MySqlDate"; data: Date; driverParam: string | number; notNull: true; hasDefault: false; isPrimaryKey: false; ... 5 more ...; generated: undefined; }, {}, {}>' is not assignable to parameter of type 'never'.
server/routes.ts(2592,30): error TS2769: No overload matches this call.
  Overload 1 of 3, '(left: MySqlColumn<{ name: "sale_date"; tableName: "sales"; dataType: "date"; columnType: "MySqlDate"; data: Date; driverParam: string | number; notNull: true; hasDefault: false; isPrimaryKey: false; ... 5 more ...; generated: undefined; }, {}, {}>, right: Date | SQLWrapper): SQL<...>', gave the following error.
    Argument of type 'string' is not assignable to parameter of type 'Date | SQLWrapper'.
  Overload 2 of 3, '(left: Aliased<string>, right: string | SQLWrapper): SQL<unknown>', gave the following error.
    Argument of type 'MySqlColumn<{ name: "sale_date"; tableName: "sales"; dataType: "date"; columnType: "MySqlDate"; data: Date; driverParam: string | number; notNull: true; hasDefault: false; isPrimaryKey: false; ... 5 more ...; generated: undefined; }, {}, {}>' is not assignable to parameter of type 'Aliased<string>'.
      Type 'MySqlColumn<{ name: "sale_date"; tableName: "sales"; dataType: "date"; columnType: "MySqlDate"; data: Date; driverParam: string | number; notNull: true; hasDefault: false; isPrimaryKey: false; ... 5 more ...; generated: undefined; }, {}, {}>' is missing the following properties from type 'Aliased<string>': sql, fieldAlias
  Overload 3 of 3, '(left: never, right: unknown): SQL<unknown>', gave the following error.
    Argument of type 'MySqlColumn<{ name: "sale_date"; tableName: "sales"; dataType: "date"; columnType: "MySqlDate"; data: Date; driverParam: string | number; notNull: true; hasDefault: false; isPrimaryKey: false; ... 5 more ...; generated: undefined; }, {}, {}>' is not assignable to parameter of type 'never'.
server/routes.ts(2613,28): error TS2769: No overload matches this call.
  Overload 1 of 3, '(left: MySqlColumn<{ name: "payment_date"; tableName: "customer_payments"; dataType: "date"; columnType: "MySqlDate"; data: Date; driverParam: string | number; notNull: true; hasDefault: false; ... 6 more ...; generated: undefined; }, {}, {}>, right: Date | SQLWrapper): SQL<...>', gave the following error.
    Argument of type 'string' is not assignable to parameter of type 'Date | SQLWrapper'.
  Overload 2 of 3, '(left: Aliased<string>, right: string | SQLWrapper): SQL<unknown>', gave the following error.
    Argument of type 'MySqlColumn<{ name: "payment_date"; tableName: "customer_payments"; dataType: "date"; columnType: "MySqlDate"; data: Date; driverParam: string | number; notNull: true; hasDefault: false; isPrimaryKey: false; ... 5 more ...; generated: undefined; }, {}, {}>' is not assignable to parameter of type 'Aliased<string>'.
      Type 'MySqlColumn<{ name: "payment_date"; tableName: "customer_payments"; dataType: "date"; columnType: "MySqlDate"; data: Date; driverParam: string | number; notNull: true; hasDefault: false; isPrimaryKey: false; ... 5 more ...; generated: undefined; }, {}, {}>' is missing the following properties from type 'Aliased<string>': sql, fieldAlias
  Overload 3 of 3, '(left: never, right: unknown): SQL<unknown>', gave the following error.
    Argument of type 'MySqlColumn<{ name: "payment_date"; tableName: "customer_payments"; dataType: "date"; columnType: "MySqlDate"; data: Date; driverParam: string | number; notNull: true; hasDefault: false; isPrimaryKey: false; ... 5 more ...; generated: undefined; }, {}, {}>' is not assignable to parameter of type 'never'.
server/routes.ts(2613,74): error TS2769: No overload matches this call.
  Overload 1 of 3, '(left: MySqlColumn<{ name: "payment_date"; tableName: "customer_payments"; dataType: "date"; columnType: "MySqlDate"; data: Date; driverParam: string | number; notNull: true; hasDefault: false; ... 6 more ...; generated: undefined; }, {}, {}>, right: Date | SQLWrapper): SQL<...>', gave the following error.
    Argument of type 'string' is not assignable to parameter of type 'Date | SQLWrapper'.
  Overload 2 of 3, '(left: Aliased<string>, right: string | SQLWrapper): SQL<unknown>', gave the following error.
    Argument of type 'MySqlColumn<{ name: "payment_date"; tableName: "customer_payments"; dataType: "date"; columnType: "MySqlDate"; data: Date; driverParam: string | number; notNull: true; hasDefault: false; isPrimaryKey: false; ... 5 more ...; generated: undefined; }, {}, {}>' is not assignable to parameter of type 'Aliased<string>'.
      Type 'MySqlColumn<{ name: "payment_date"; tableName: "customer_payments"; dataType: "date"; columnType: "MySqlDate"; data: Date; driverParam: string | number; notNull: true; hasDefault: false; isPrimaryKey: false; ... 5 more ...; generated: undefined; }, {}, {}>' is missing the following properties from type 'Aliased<string>': sql, fieldAlias
  Overload 3 of 3, '(left: never, right: unknown): SQL<unknown>', gave the following error.
    Argument of type 'MySqlColumn<{ name: "payment_date"; tableName: "customer_payments"; dataType: "date"; columnType: "MySqlDate"; data: Date; driverParam: string | number; notNull: true; hasDefault: false; isPrimaryKey: false; ... 5 more ...; generated: undefined; }, {}, {}>' is not assignable to parameter of type 'never'.
server/routes.ts(2715,35): error TS2365: Operator '>' cannot be applied to types 'Date' and 'string'.
server/routes.ts(2715,59): error TS2365: Operator '<=' cannot be applied to types 'Date' and 'string'.
server/routes.ts(2809,10): error TS2339: Property 'returning' does not exist on type 'Omit<MySqlUpdateBase<MySqlTableWithColumns<{ name: "bom_recipes"; schema: undefined; columns: { id: MySqlColumn<{ name: "id"; tableName: "bom_recipes"; dataType: "number"; columnType: "MySqlInt"; data: number; driverParam: string | number; ... 8 more ...; generated: undefined; }, {}, {}>; ... 4 more ...; createdAt: ...'.
server/routes.ts(3139,21): error TS2339: Property 'length' does not exist on type '{ id: number; productionDate: Date; outputItemId: number; outputQuantity: string; warehouseId: number; batchCount: string; remarks: string | null; isDeleted: boolean; deletedAt: Date | null; createdAt: Date | null; }'.
server/routes.ts(3302,69): error TS2551: Property 'returning' does not exist on type 'MySqlInsertBase<MySqlTableWithColumns<{ name: "admin_settings"; schema: undefined; columns: { id: MySqlColumn<{ name: "id"; tableName: "admin_settings"; dataType: "number"; columnType: "MySqlInt"; data: number; driverParam: string | number; ... 8 more ...; generated: undefined; }, {}, {}>; ... 11 more ...; updatedAt...'. Did you mean '$returningId'?
server/routes.ts(3307,12): error TS2339: Property 'returning' does not exist on type 'Omit<MySqlUpdateBase<MySqlTableWithColumns<{ name: "admin_settings"; schema: undefined; columns: { id: MySqlColumn<{ name: "id"; tableName: "admin_settings"; dataType: "number"; columnType: "MySqlInt"; data: number; driverParam: string | number; ... 8 more ...; generated: undefined; }, {}, {}>; ... 11 more ...; upda...'.
server/storage/storage/production.ts(1,20): error TS2307: Cannot find module '../db' or its corresponding type declarations.
server/storage/storage/production.ts(5,8): error TS2307: Cannot find module '../../shared/schema' or its corresponding type declarations.
server/storage/storage/production.ts(27,38): error TS7006: Parameter 'tx' implicitly has an 'any' type.
server/storage/storage/stock.ts(1,20): error TS2307: Cannot find module '../db' or its corresponding type declarations.
server/storage/storage/stock.ts(2,29): error TS2307: Cannot find module '../../shared/schema' or its corresponding type declarations.
